Traceback (most recent call last):
  File "c:\users\ct\documents\github\knowledge-hub\venv\lib\site-packages\jupyter_cache\executors\utils.py", line 51, in single_nb_execution
    executenb(
  File "c:\users\ct\documents\github\knowledge-hub\venv\lib\site-packages\nbclient\client.py", line 1204, in execute
    return NotebookClient(nb=nb, resources=resources, km=km, **kwargs).execute()
  File "c:\users\ct\documents\github\knowledge-hub\venv\lib\site-packages\nbclient\util.py", line 84, in wrapped
    return just_run(coro(*args, **kwargs))
  File "c:\users\ct\documents\github\knowledge-hub\venv\lib\site-packages\nbclient\util.py", line 62, in just_run
    return loop.run_until_complete(coro)
  File "C:\Users\CT\AppData\Local\Programs\Python\Python39\lib\asyncio\base_events.py", line 642, in run_until_complete
    return future.result()
  File "c:\users\ct\documents\github\knowledge-hub\venv\lib\site-packages\nbclient\client.py", line 663, in async_execute
    await self.async_execute_cell(
  File "c:\users\ct\documents\github\knowledge-hub\venv\lib\site-packages\nbclient\client.py", line 965, in async_execute_cell
    await self._check_raise_for_error(cell, cell_index, exec_reply)
  File "c:\users\ct\documents\github\knowledge-hub\venv\lib\site-packages\nbclient\client.py", line 862, in _check_raise_for_error
    raise CellExecutionError.from_cell_and_msg(cell, exec_reply_content)
nbclient.exceptions.CellExecutionError: An error occurred while executing the following cell:
------------------
loan_data = pd.read_csv('C://Users//CT//Documents//GitHub//knowledge-hub//book//data//kiva-project//kiva_loans.csv')

location_data = pd.read_csv('C://Users//CT//Documents//GitHub//knowledge-hub//book//data//kiva-project//kiva_mpi_region_locations.csv')

loan_themes  = pd.read_csv('C://Users//CT//Documents//GitHub//knowledge-hub//book//data//kiva-project//loan_theme_ids.csv')

regional_lts = pd.read_csv('C://Users//CT//Documents//GitHub//knowledge-hub//book//data//kiva-project//loan_themes_by_region.csv')
------------------

[1;31m---------------------------------------------------------------------------[0m
[1;31mFileNotFoundError[0m                         Traceback (most recent call last)
Input [1;32mIn [3][0m, in [0;36m<cell line: 1>[1;34m()[0m
[1;32m----> 1[0m loan_data [38;5;241m=[39m [43mpd[49m[38;5;241;43m.[39;49m[43mread_csv[49m[43m([49m[38;5;124;43m'[39;49m[38;5;124;43mC://Users//CT//Documents//GitHub//knowledge-hub//book//data//kiva-project//kiva_loans.csv[39;49m[38;5;124;43m'[39;49m[43m)[49m
[0;32m      3[0m location_data [38;5;241m=[39m pd[38;5;241m.[39mread_csv([38;5;124m'[39m[38;5;124mC://Users//CT//Documents//GitHub//knowledge-hub//book//data//kiva-project//kiva_mpi_region_locations.csv[39m[38;5;124m'[39m)
[0;32m      5[0m loan_themes  [38;5;241m=[39m pd[38;5;241m.[39mread_csv([38;5;124m'[39m[38;5;124mC://Users//CT//Documents//GitHub//knowledge-hub//book//data//kiva-project//loan_theme_ids.csv[39m[38;5;124m'[39m)

File [1;32mc:\users\ct\documents\github\knowledge-hub\venv\lib\site-packages\pandas\util\_decorators.py:311[0m, in [0;36mdeprecate_nonkeyword_arguments.<locals>.decorate.<locals>.wrapper[1;34m(*args, **kwargs)[0m
[0;32m    305[0m [38;5;28;01mif[39;00m [38;5;28mlen[39m(args) [38;5;241m>[39m num_allow_args:
[0;32m    306[0m     warnings[38;5;241m.[39mwarn(
[0;32m    307[0m         msg[38;5;241m.[39mformat(arguments[38;5;241m=[39marguments),
[0;32m    308[0m         [38;5;167;01mFutureWarning[39;00m,
[0;32m    309[0m         stacklevel[38;5;241m=[39mstacklevel,
[0;32m    310[0m     )
[1;32m--> 311[0m [38;5;28;01mreturn[39;00m func([38;5;241m*[39margs, [38;5;241m*[39m[38;5;241m*[39mkwargs)

File [1;32mc:\users\ct\documents\github\knowledge-hub\venv\lib\site-packages\pandas\io\parsers\readers.py:680[0m, in [0;36mread_csv[1;34m(filepath_or_buffer, sep, delimiter, header, names, index_col, usecols, squeeze, prefix, mangle_dupe_cols, dtype, engine, converters, true_values, false_values, skipinitialspace, skiprows, skipfooter, nrows, na_values, keep_default_na, na_filter, verbose, skip_blank_lines, parse_dates, infer_datetime_format, keep_date_col, date_parser, dayfirst, cache_dates, iterator, chunksize, compression, thousands, decimal, lineterminator, quotechar, quoting, doublequote, escapechar, comment, encoding, encoding_errors, dialect, error_bad_lines, warn_bad_lines, on_bad_lines, delim_whitespace, low_memory, memory_map, float_precision, storage_options)[0m
[0;32m    665[0m kwds_defaults [38;5;241m=[39m _refine_defaults_read(
[0;32m    666[0m     dialect,
[0;32m    667[0m     delimiter,
[1;32m   (...)[0m
[0;32m    676[0m     defaults[38;5;241m=[39m{[38;5;124m"[39m[38;5;124mdelimiter[39m[38;5;124m"[39m: [38;5;124m"[39m[38;5;124m,[39m[38;5;124m"[39m},
[0;32m    677[0m )
[0;32m    678[0m kwds[38;5;241m.[39mupdate(kwds_defaults)
[1;32m--> 680[0m [38;5;28;01mreturn[39;00m [43m_read[49m[43m([49m[43mfilepath_or_buffer[49m[43m,[49m[43m [49m[43mkwds[49m[43m)[49m

File [1;32mc:\users\ct\documents\github\knowledge-hub\venv\lib\site-packages\pandas\io\parsers\readers.py:575[0m, in [0;36m_read[1;34m(filepath_or_buffer, kwds)[0m
[0;32m    572[0m _validate_names(kwds[38;5;241m.[39mget([38;5;124m"[39m[38;5;124mnames[39m[38;5;124m"[39m, [38;5;28;01mNone[39;00m))
[0;32m    574[0m [38;5;66;03m# Create the parser.[39;00m
[1;32m--> 575[0m parser [38;5;241m=[39m TextFileReader(filepath_or_buffer, [38;5;241m*[39m[38;5;241m*[39mkwds)
[0;32m    577[0m [38;5;28;01mif[39;00m chunksize [38;5;129;01mor[39;00m iterator:
[0;32m    578[0m     [38;5;28;01mreturn[39;00m parser

File [1;32mc:\users\ct\documents\github\knowledge-hub\venv\lib\site-packages\pandas\io\parsers\readers.py:934[0m, in [0;36mTextFileReader.__init__[1;34m(self, f, engine, **kwds)[0m
[0;32m    931[0m     [38;5;28mself[39m[38;5;241m.[39moptions[[38;5;124m"[39m[38;5;124mhas_index_names[39m[38;5;124m"[39m] [38;5;241m=[39m kwds[[38;5;124m"[39m[38;5;124mhas_index_names[39m[38;5;124m"[39m]
[0;32m    933[0m [38;5;28mself[39m[38;5;241m.[39mhandles: IOHandles [38;5;241m|[39m [38;5;28;01mNone[39;00m [38;5;241m=[39m [38;5;28;01mNone[39;00m
[1;32m--> 934[0m [38;5;28mself[39m[38;5;241m.[39m_engine [38;5;241m=[39m [38;5;28;43mself[39;49m[38;5;241;43m.[39;49m[43m_make_engine[49m[43m([49m[43mf[49m[43m,[49m[43m [49m[38;5;28;43mself[39;49m[38;5;241;43m.[39;49m[43mengine[49m[43m)[49m

File [1;32mc:\users\ct\documents\github\knowledge-hub\venv\lib\site-packages\pandas\io\parsers\readers.py:1218[0m, in [0;36mTextFileReader._make_engine[1;34m(self, f, engine)[0m
[0;32m   1214[0m     mode [38;5;241m=[39m [38;5;124m"[39m[38;5;124mrb[39m[38;5;124m"[39m
[0;32m   1215[0m [38;5;66;03m# error: No overload variant of "get_handle" matches argument types[39;00m
[0;32m   1216[0m [38;5;66;03m# "Union[str, PathLike[str], ReadCsvBuffer[bytes], ReadCsvBuffer[str]]"[39;00m
[0;32m   1217[0m [38;5;66;03m# , "str", "bool", "Any", "Any", "Any", "Any", "Any"[39;00m
[1;32m-> 1218[0m [38;5;28mself[39m[38;5;241m.[39mhandles [38;5;241m=[39m [43mget_handle[49m[43m([49m[43m  [49m[38;5;66;43;03m# type: ignore[call-overload][39;49;00m
[0;32m   1219[0m [43m    [49m[43mf[49m[43m,[49m
[0;32m   1220[0m [43m    [49m[43mmode[49m[43m,[49m
[0;32m   1221[0m [43m    [49m[43mencoding[49m[38;5;241;43m=[39;49m[38;5;28;43mself[39;49m[38;5;241;43m.[39;49m[43moptions[49m[38;5;241;43m.[39;49m[43mget[49m[43m([49m[38;5;124;43m"[39;49m[38;5;124;43mencoding[39;49m[38;5;124;43m"[39;49m[43m,[49m[43m [49m[38;5;28;43;01mNone[39;49;00m[43m)[49m[43m,[49m
[0;32m   1222[0m [43m    [49m[43mcompression[49m[38;5;241;43m=[39;49m[38;5;28;43mself[39;49m[38;5;241;43m.[39;49m[43moptions[49m[38;5;241;43m.[39;49m[43mget[49m[43m([49m[38;5;124;43m"[39;49m[38;5;124;43mcompression[39;49m[38;5;124;43m"[39;49m[43m,[49m[43m [49m[38;5;28;43;01mNone[39;49;00m[43m)[49m[43m,[49m
[0;32m   1223[0m [43m    [49m[43mmemory_map[49m[38;5;241;43m=[39;49m[38;5;28;43mself[39;49m[38;5;241;43m.[39;49m[43moptions[49m[38;5;241;43m.[39;49m[43mget[49m[43m([49m[38;5;124;43m"[39;49m[38;5;124;43mmemory_map[39;49m[38;5;124;43m"[39;49m[43m,[49m[43m [49m[38;5;28;43;01mFalse[39;49;00m[43m)[49m[43m,[49m
[0;32m   1224[0m [43m    [49m[43mis_text[49m[38;5;241;43m=[39;49m[43mis_text[49m[43m,[49m
[0;32m   1225[0m [43m    [49m[43merrors[49m[38;5;241;43m=[39;49m[38;5;28;43mself[39;49m[38;5;241;43m.[39;49m[43moptions[49m[38;5;241;43m.[39;49m[43mget[49m[43m([49m[38;5;124;43m"[39;49m[38;5;124;43mencoding_errors[39;49m[38;5;124;43m"[39;49m[43m,[49m[43m [49m[38;5;124;43m"[39;49m[38;5;124;43mstrict[39;49m[38;5;124;43m"[39;49m[43m)[49m[43m,[49m
[0;32m   1226[0m [43m    [49m[43mstorage_options[49m[38;5;241;43m=[39;49m[38;5;28;43mself[39;49m[38;5;241;43m.[39;49m[43moptions[49m[38;5;241;43m.[39;49m[43mget[49m[43m([49m[38;5;124;43m"[39;49m[38;5;124;43mstorage_options[39;49m[38;5;124;43m"[39;49m[43m,[49m[43m [49m[38;5;28;43;01mNone[39;49;00m[43m)[49m[43m,[49m
[0;32m   1227[0m [43m[49m[43m)[49m
[0;32m   1228[0m [38;5;28;01massert[39;00m [38;5;28mself[39m[38;5;241m.[39mhandles [38;5;129;01mis[39;00m [38;5;129;01mnot[39;00m [38;5;28;01mNone[39;00m
[0;32m   1229[0m f [38;5;241m=[39m [38;5;28mself[39m[38;5;241m.[39mhandles[38;5;241m.[39mhandle

File [1;32mc:\users\ct\documents\github\knowledge-hub\venv\lib\site-packages\pandas\io\common.py:667[0m, in [0;36mget_handle[1;34m(path_or_buf, mode, encoding, compression, memory_map, is_text, errors, storage_options)[0m
[0;32m    664[0m     codecs[38;5;241m.[39mlookup_error(errors)
[0;32m    666[0m [38;5;66;03m# open URLs[39;00m
[1;32m--> 667[0m ioargs [38;5;241m=[39m [43m_get_filepath_or_buffer[49m[43m([49m
[0;32m    668[0m [43m    [49m[43mpath_or_buf[49m[43m,[49m
[0;32m    669[0m [43m    [49m[43mencoding[49m[38;5;241;43m=[39;49m[43mencoding[49m[43m,[49m
[0;32m    670[0m [43m    [49m[43mcompression[49m[38;5;241;43m=[39;49m[43mcompression[49m[43m,[49m
[0;32m    671[0m [43m    [49m[43mmode[49m[38;5;241;43m=[39;49m[43mmode[49m[43m,[49m
[0;32m    672[0m [43m    [49m[43mstorage_options[49m[38;5;241;43m=[39;49m[43mstorage_options[49m[43m,[49m
[0;32m    673[0m [43m[49m[43m)[49m
[0;32m    675[0m handle [38;5;241m=[39m ioargs[38;5;241m.[39mfilepath_or_buffer
[0;32m    676[0m handles: [38;5;28mlist[39m[BaseBuffer]

File [1;32mc:\users\ct\documents\github\knowledge-hub\venv\lib\site-packages\pandas\io\common.py:382[0m, in [0;36m_get_filepath_or_buffer[1;34m(filepath_or_buffer, encoding, compression, mode, storage_options)[0m
[0;32m    379[0m     [38;5;28;01mpass[39;00m
[0;32m    381[0m [38;5;28;01mtry[39;00m:
[1;32m--> 382[0m     file_obj [38;5;241m=[39m [43mfsspec[49m[38;5;241;43m.[39;49m[43mopen[49m[43m([49m
[0;32m    383[0m [43m        [49m[43mfilepath_or_buffer[49m[43m,[49m[43m [49m[43mmode[49m[38;5;241;43m=[39;49m[43mfsspec_mode[49m[43m,[49m[43m [49m[38;5;241;43m*[39;49m[38;5;241;43m*[39;49m[43m([49m[43mstorage_options[49m[43m [49m[38;5;129;43;01mor[39;49;00m[43m [49m[43m{[49m[43m}[49m[43m)[49m
[0;32m    384[0m [43m    [49m[43m)[49m[38;5;241;43m.[39;49m[43mopen[49m[43m([49m[43m)[49m
[0;32m    385[0m [38;5;66;03m# GH 34626 Reads from Public Buckets without Credentials needs anon=True[39;00m
[0;32m    386[0m [38;5;28;01mexcept[39;00m [38;5;28mtuple[39m(err_types_to_retry_with_anon):

File [1;32mc:\users\ct\documents\github\knowledge-hub\venv\lib\site-packages\fsspec\core.py:141[0m, in [0;36mOpenFile.open[1;34m(self)[0m
[0;32m    133[0m [38;5;28;01mdef[39;00m [38;5;21mopen[39m([38;5;28mself[39m):
[0;32m    134[0m     [38;5;124;03m"""Materialise this as a real open file without context[39;00m
[0;32m    135[0m 
[0;32m    136[0m [38;5;124;03m    The file should be explicitly closed to avoid enclosed file[39;00m
[1;32m   (...)[0m
[0;32m    139[0m [38;5;124;03m    been deleted; but a with-context is better style.[39;00m
[0;32m    140[0m [38;5;124;03m    """[39;00m
[1;32m--> 141[0m     out [38;5;241m=[39m [38;5;28;43mself[39;49m[38;5;241;43m.[39;49m[38;5;21;43m__enter__[39;49m[43m([49m[43m)[49m
[0;32m    142[0m     closer [38;5;241m=[39m out[38;5;241m.[39mclose
[0;32m    143[0m     fobjects [38;5;241m=[39m [38;5;28mself[39m[38;5;241m.[39mfobjects[38;5;241m.[39mcopy()[:[38;5;241m-[39m[38;5;241m1[39m]

File [1;32mc:\users\ct\documents\github\knowledge-hub\venv\lib\site-packages\fsspec\core.py:104[0m, in [0;36mOpenFile.__enter__[1;34m(self)[0m
[0;32m    101[0m [38;5;28;01mdef[39;00m [38;5;21m__enter__[39m([38;5;28mself[39m):
[0;32m    102[0m     mode [38;5;241m=[39m [38;5;28mself[39m[38;5;241m.[39mmode[38;5;241m.[39mreplace([38;5;124m"[39m[38;5;124mt[39m[38;5;124m"[39m, [38;5;124m"[39m[38;5;124m"[39m)[38;5;241m.[39mreplace([38;5;124m"[39m[38;5;124mb[39m[38;5;124m"[39m, [38;5;124m"[39m[38;5;124m"[39m) [38;5;241m+[39m [38;5;124m"[39m[38;5;124mb[39m[38;5;124m"[39m
[1;32m--> 104[0m     f [38;5;241m=[39m [38;5;28;43mself[39;49m[38;5;241;43m.[39;49m[43mfs[49m[38;5;241;43m.[39;49m[43mopen[49m[43m([49m[38;5;28;43mself[39;49m[38;5;241;43m.[39;49m[43mpath[49m[43m,[49m[43m [49m[43mmode[49m[38;5;241;43m=[39;49m[43mmode[49m[43m)[49m
[0;32m    106[0m     [38;5;28mself[39m[38;5;241m.[39mfobjects [38;5;241m=[39m [f]
[0;32m    108[0m     [38;5;28;01mif[39;00m [38;5;28mself[39m[38;5;241m.[39mcompression [38;5;129;01mis[39;00m [38;5;129;01mnot[39;00m [38;5;28;01mNone[39;00m:

File [1;32mc:\users\ct\documents\github\knowledge-hub\venv\lib\site-packages\fsspec\spec.py:1034[0m, in [0;36mAbstractFileSystem.open[1;34m(self, path, mode, block_size, cache_options, compression, **kwargs)[0m
[0;32m   1032[0m [38;5;28;01melse[39;00m:
[0;32m   1033[0m     ac [38;5;241m=[39m kwargs[38;5;241m.[39mpop([38;5;124m"[39m[38;5;124mautocommit[39m[38;5;124m"[39m, [38;5;129;01mnot[39;00m [38;5;28mself[39m[38;5;241m.[39m_intrans)
[1;32m-> 1034[0m     f [38;5;241m=[39m [38;5;28mself[39m[38;5;241m.[39m_open(
[0;32m   1035[0m         path,
[0;32m   1036[0m         mode[38;5;241m=[39mmode,
[0;32m   1037[0m         block_size[38;5;241m=[39mblock_size,
[0;32m   1038[0m         autocommit[38;5;241m=[39mac,
[0;32m   1039[0m         cache_options[38;5;241m=[39mcache_options,
[0;32m   1040[0m         [38;5;241m*[39m[38;5;241m*[39mkwargs,
[0;32m   1041[0m     )
[0;32m   1042[0m     [38;5;28;01mif[39;00m compression [38;5;129;01mis[39;00m [38;5;129;01mnot[39;00m [38;5;28;01mNone[39;00m:
[0;32m   1043[0m         [38;5;28;01mfrom[39;00m [38;5;21;01mfsspec[39;00m[38;5;21;01m.[39;00m[38;5;21;01mcompression[39;00m [38;5;28;01mimport[39;00m compr

File [1;32mc:\users\ct\documents\github\knowledge-hub\venv\lib\site-packages\fsspec\implementations\local.py:162[0m, in [0;36mLocalFileSystem._open[1;34m(self, path, mode, block_size, **kwargs)[0m
[0;32m    160[0m [38;5;28;01mif[39;00m [38;5;28mself[39m[38;5;241m.[39mauto_mkdir [38;5;129;01mand[39;00m [38;5;124m"[39m[38;5;124mw[39m[38;5;124m"[39m [38;5;129;01min[39;00m mode:
[0;32m    161[0m     [38;5;28mself[39m[38;5;241m.[39mmakedirs([38;5;28mself[39m[38;5;241m.[39m_parent(path), exist_ok[38;5;241m=[39m[38;5;28;01mTrue[39;00m)
[1;32m--> 162[0m [38;5;28;01mreturn[39;00m LocalFileOpener(path, mode, fs[38;5;241m=[39m[38;5;28mself[39m, [38;5;241m*[39m[38;5;241m*[39mkwargs)

File [1;32mc:\users\ct\documents\github\knowledge-hub\venv\lib\site-packages\fsspec\implementations\local.py:260[0m, in [0;36mLocalFileOpener.__init__[1;34m(self, path, mode, autocommit, fs, compression, **kwargs)[0m
[0;32m    258[0m [38;5;28mself[39m[38;5;241m.[39mcompression [38;5;241m=[39m get_compression(path, compression)
[0;32m    259[0m [38;5;28mself[39m[38;5;241m.[39mblocksize [38;5;241m=[39m io[38;5;241m.[39mDEFAULT_BUFFER_SIZE
[1;32m--> 260[0m [38;5;28;43mself[39;49m[38;5;241;43m.[39;49m[43m_open[49m[43m([49m[43m)[49m

File [1;32mc:\users\ct\documents\github\knowledge-hub\venv\lib\site-packages\fsspec\implementations\local.py:265[0m, in [0;36mLocalFileOpener._open[1;34m(self)[0m
[0;32m    263[0m [38;5;28;01mif[39;00m [38;5;28mself[39m[38;5;241m.[39mf [38;5;129;01mis[39;00m [38;5;28;01mNone[39;00m [38;5;129;01mor[39;00m [38;5;28mself[39m[38;5;241m.[39mf[38;5;241m.[39mclosed:
[0;32m    264[0m     [38;5;28;01mif[39;00m [38;5;28mself[39m[38;5;241m.[39mautocommit [38;5;129;01mor[39;00m [38;5;124m"[39m[38;5;124mw[39m[38;5;124m"[39m [38;5;129;01mnot[39;00m [38;5;129;01min[39;00m [38;5;28mself[39m[38;5;241m.[39mmode:
[1;32m--> 265[0m         [38;5;28mself[39m[38;5;241m.[39mf [38;5;241m=[39m [38;5;28;43mopen[39;49m[43m([49m[38;5;28;43mself[39;49m[38;5;241;43m.[39;49m[43mpath[49m[43m,[49m[43m [49m[43mmode[49m[38;5;241;43m=[39;49m[38;5;28;43mself[39;49m[38;5;241;43m.[39;49m[43mmode[49m[43m)[49m
[0;32m    266[0m         [38;5;28;01mif[39;00m [38;5;28mself[39m[38;5;241m.[39mcompression:
[0;32m    267[0m             compress [38;5;241m=[39m compr[[38;5;28mself[39m[38;5;241m.[39mcompression]

[1;31mFileNotFoundError[0m: [Errno 2] No such file or directory: 'C:/Users/CT/Documents/GitHub/knowledge-hub/book/data/kiva-project/kiva_loans.csv'
FileNotFoundError: [Errno 2] No such file or directory: 'C:/Users/CT/Documents/GitHub/knowledge-hub/book/data/kiva-project/kiva_loans.csv'

